<?xml version="1.0" encoding="UTF-8"?>
<TestRun id="e102aad1-9324-42e9-9f1d-1f5f638430f9" name="HP-Bruker-1@ANTIVAHPPC1 2012-04-21 19:38:50" runUser="AntivaHPPC1\HP-Bruker-1" xmlns="http://microsoft.com/schemas/VisualStudio/TeamTest/2010">
  <TestSettings name="Local" id="63e443fe-ca2a-4446-97f8-47736039bcb1">
    <Description>These are default test settings for a local test run.</Description>
    <Deployment enabled="false" runDeploymentRoot="HP-Bruker-1_ANTIVAHPPC1 2012-04-21 19_38_50">
      <DeploymentItem filename="C:\GitRepositories\Weather\SharedBinaries\Libs\Spring\Spring 1.3.2\Spring.Core.dll" />
      <DeploymentItem filename="C:\GitRepositories\Weather\Weather.Application\bin\Debug\Weather.Application.dll" />
      <DeploymentItem filename="C:\GitRepositories\Weather\SharedBinaries\Libs\Spring\Spring 1.3.2\Spring.Data.dll" />
      <DeploymentItem filename="C:\GitRepositories\Weather\Weather.Infrastructure\bin\Debug\Weather.Infrastructure.dll" />
      <DeploymentItem filename="C:\GitRepositories\Weather\Weather.Model\bin\Debug\Weather.Model.dll" />
    </Deployment>
    <Execution>
      <TestTypeSpecific />
      <AgentRule name="Execution Agents">
      </AgentRule>
    </Execution>
  </TestSettings>
  <Times creation="2012-04-21T19:38:50.4514515+02:00" queuing="2012-04-21T19:38:52.0375423+02:00" start="2012-04-21T19:38:52.1775503+02:00" finish="2012-04-21T19:51:40.4914953+02:00" />
  <ResultSummary outcome="Error">
    <Counters total="1" error="0" failed="0" timeout="0" aborted="0" inconclusive="0" passedButRunAborted="0" notRunnable="0" notExecuted="0" disconnected="0" warning="0" passed="0" completed="0" inProgress="0" pending="0" />
    <RunInfos>
      <RunInfo computerName="ANTIVAHPPC1" outcome="Error" timestamp="2012-04-21T19:51:40.4894952+02:00">
        <Text>Test host process exited unexpectedly.</Text>
      </RunInfo>
    </RunInfos>
  </ResultSummary>
  <TestDefinitions>
    <UnitTest name="GetForecastsTest" storage="c:\gitrepositories\weather\weather.tests\bin\debug\weather.tests.dll" id="29e00006-4d27-c001-07dd-99206a4be67a">
      <Execution id="1cb2af09-6889-49df-a257-473d56079417" />
      <TestMethod codeBase="C:/GitRepositories/Weather/Weather.Tests/bin/Debug/Weather.Tests.DLL" adapterTypeName="Microsoft.VisualStudio.TestTools.TestTypes.Unit.UnitTestAdapter, Microsoft.VisualStudio.QualityTools.Tips.UnitTest.Adapter, Version=10.0.0.0, Culture=neutral, PublicKeyToken=b03f5f7f11d50a3a" className="Weather.Tests.Infrastructure.Services.Weather.OnlineWeatherSystemTest, Weather.Tests, Version=1.0.0.0, Culture=neutral, PublicKeyToken=null" name="GetForecastsTest" />
    </UnitTest>
  </TestDefinitions>
  <TestLists>
    <TestList name="Results Not in a List" id="8c84fa94-04c1-424b-9868-57a2d4851a1d" />
    <TestList name="All Loaded Results" id="19431567-8539-422a-85d7-44ee4e166bda" />
  </TestLists>
  <TestEntries>
    <TestEntry testId="29e00006-4d27-c001-07dd-99206a4be67a" executionId="1cb2af09-6889-49df-a257-473d56079417" testListId="8c84fa94-04c1-424b-9868-57a2d4851a1d" />
  </TestEntries>
  <Results>
    <UnitTestResult executionId="1cb2af09-6889-49df-a257-473d56079417" testId="29e00006-4d27-c001-07dd-99206a4be67a" testName="GetForecastsTest" computerName="ANTIVAHPPC1" duration="00:11:25.5599073" startTime="2012-04-21T19:38:52.2905567+02:00" testType="13cdc9d9-ddb5-4fa4-a97d-d965ccfc6d4b" outcome="Failed" testListId="8c84fa94-04c1-424b-9868-57a2d4851a1d" relativeResultsDirectory="1cb2af09-6889-49df-a257-473d56079417">
      <Output>
        <ErrorInfo>
          <Message>Test method Weather.Tests.Infrastructure.Services.Weather.OnlineWeatherSystemTest.GetForecastsTest threw exception: 
System.NullReferenceException: Object reference not set to an instance of an object.</Message>
          <StackTrace>    at Weather.Infrastructure.Xml.YrXmlParser.ExtractForecast(Place place, XElement time) in C:\GitRepositories\Weather\Weather.Infrastructure\Xml\YrXmlParser.cs:line 99
   at Weather.Infrastructure.Xml.YrXmlParser.GetForecasts(Place place) in C:\GitRepositories\Weather\Weather.Infrastructure\Xml\YrXmlParser.cs:line 81
   at Weather.Infrastructure.Services.Weather.OnlineWeatherSystem.GetForecasts(Place place) in C:\GitRepositories\Weather\Weather.Infrastructure\Services\Weather\OnlineWeatherSystem.cs:line 72
   at Weather.Tests.Infrastructure.Services.Weather.OnlineWeatherSystemTest.GetForecastsTest() in C:\GitRepositories\Weather\Weather.Tests\Infrastructure\Services\Weather\OnlineWeatherSystemTest.cs:line 62
</StackTrace>
        </ErrorInfo>
      </Output>
    </UnitTestResult>
  </Results>
</TestRun>