<?xml version="1.0" encoding="UTF-8"?>
<TestRun id="a1a70f47-ef26-4279-a15b-9122bf9e3bd8" name="HP-Bruker-1@ANTIVAHPPC1 2012-04-17 00:43:45" runUser="AntivaHPPC1\HP-Bruker-1" xmlns="http://microsoft.com/schemas/VisualStudio/TeamTest/2010">
  <TestSettings name="Local" id="63e443fe-ca2a-4446-97f8-47736039bcb1">
    <Description>These are default test settings for a local test run.</Description>
    <Deployment enabled="false" runDeploymentRoot="HP-Bruker-1_ANTIVAHPPC1 2012-04-17 00_43_45">
      <DeploymentItem filename="C:\GitRepositories\Weather\SharedBinaries\Libs\Spring\Spring 1.3.2\Spring.Core.dll" />
      <DeploymentItem filename="C:\GitRepositories\Weather\Weather.Application\bin\Debug\Weather.Application.dll" />
      <DeploymentItem filename="C:\GitRepositories\Weather\SharedBinaries\Libs\Spring\Spring 1.3.2\Spring.Data.dll" />
      <DeploymentItem filename="C:\GitRepositories\Weather\Weather.Infrastructure\bin\Debug\Weather.Infrastructure.dll" />
      <DeploymentItem filename="C:\GitRepositories\Weather\Weather.Model\bin\Debug\Weather.Model.dll" />
    </Deployment>
    <Execution>
      <TestTypeSpecific />
      <AgentRule name="Execution Agents">
      </AgentRule>
    </Execution>
  </TestSettings>
  <Times creation="2012-04-17T00:43:45.6695071+02:00" queuing="2012-04-17T00:43:45.7525118+02:00" start="2012-04-17T00:43:45.7685127+02:00" finish="2012-04-17T00:43:46.0845308+02:00" />
  <ResultSummary outcome="Completed">
    <Counters total="1" executed="1" passed="1" error="0" failed="0" timeout="0" aborted="0" inconclusive="0" passedButRunAborted="0" notRunnable="0" notExecuted="0" disconnected="0" warning="0" completed="0" inProgress="0" pending="0" />
  </ResultSummary>
  <TestDefinitions>
    <UnitTest name="ParseSymbolVarTest" storage="c:\gitrepositories\weather\weather.tests\bin\debug\weather.tests.dll" id="2c2d380d-bcb5-a32f-393e-33fe9fad57a1">
      <Execution id="120ca67f-1f9e-4061-82c4-1c5e01b689db" />
      <TestMethod codeBase="C:/GitRepositories/Weather/Weather.Tests/bin/Debug/Weather.Tests.DLL" adapterTypeName="Microsoft.VisualStudio.TestTools.TestTypes.Unit.UnitTestAdapter, Microsoft.VisualStudio.QualityTools.Tips.UnitTest.Adapter, Version=10.0.0.0, Culture=neutral, PublicKeyToken=b03f5f7f11d50a3a" className="Weather.Tests.Model.Common.HelpersTest, Weather.Tests, Version=1.0.0.0, Culture=neutral, PublicKeyToken=null" name="ParseSymbolVarTest" />
    </UnitTest>
  </TestDefinitions>
  <TestLists>
    <TestList name="Results Not in a List" id="8c84fa94-04c1-424b-9868-57a2d4851a1d" />
    <TestList name="All Loaded Results" id="19431567-8539-422a-85d7-44ee4e166bda" />
  </TestLists>
  <TestEntries>
    <TestEntry testId="2c2d380d-bcb5-a32f-393e-33fe9fad57a1" executionId="120ca67f-1f9e-4061-82c4-1c5e01b689db" testListId="8c84fa94-04c1-424b-9868-57a2d4851a1d" />
  </TestEntries>
  <Results>
    <UnitTestResult executionId="120ca67f-1f9e-4061-82c4-1c5e01b689db" testId="2c2d380d-bcb5-a32f-393e-33fe9fad57a1" testName="ParseSymbolVarTest" computerName="ANTIVAHPPC1" duration="00:00:00.0158907" startTime="2012-04-17T00:43:45.7765132+02:00" endTime="2012-04-17T00:43:46.0635296+02:00" testType="13cdc9d9-ddb5-4fa4-a97d-d965ccfc6d4b" outcome="Passed" testListId="8c84fa94-04c1-424b-9868-57a2d4851a1d" relativeResultsDirectory="120ca67f-1f9e-4061-82c4-1c5e01b689db">
    </UnitTestResult>
  </Results>
</TestRun>