<?xml version="1.0" encoding="UTF-8"?>
<TestRun id="8714eb4d-12eb-4aba-a198-311026f432d4" name="HP-Bruker-1@ANTIVAHPPC1 2012-04-17 00:43:50" runUser="AntivaHPPC1\HP-Bruker-1" xmlns="http://microsoft.com/schemas/VisualStudio/TeamTest/2010">
  <TestSettings name="Local" id="63e443fe-ca2a-4446-97f8-47736039bcb1">
    <Description>These are default test settings for a local test run.</Description>
    <Deployment enabled="false" runDeploymentRoot="HP-Bruker-1_ANTIVAHPPC1 2012-04-17 00_43_50">
      <DeploymentItem filename="C:\GitRepositories\Weather\SharedBinaries\Libs\Spring\Spring 1.3.2\Spring.Core.dll" />
      <DeploymentItem filename="C:\GitRepositories\Weather\Weather.Application\bin\Debug\Weather.Application.dll" />
      <DeploymentItem filename="C:\GitRepositories\Weather\SharedBinaries\Libs\Spring\Spring 1.3.2\Spring.Data.dll" />
      <DeploymentItem filename="C:\GitRepositories\Weather\Weather.Infrastructure\bin\Debug\Weather.Infrastructure.dll" />
      <DeploymentItem filename="C:\GitRepositories\Weather\Weather.Model\bin\Debug\Weather.Model.dll" />
    </Deployment>
    <Execution>
      <TestTypeSpecific />
      <AgentRule name="Execution Agents">
      </AgentRule>
    </Execution>
  </TestSettings>
  <Times creation="2012-04-17T00:43:50.2857711+02:00" queuing="2012-04-17T00:43:50.4177787+02:00" start="2012-04-17T00:43:50.4337796+02:00" finish="2012-04-17T00:43:50.7537979+02:00" />
  <ResultSummary outcome="Completed">
    <Counters total="1" executed="1" passed="1" error="0" failed="0" timeout="0" aborted="0" inconclusive="0" passedButRunAborted="0" notRunnable="0" notExecuted="0" disconnected="0" warning="0" completed="0" inProgress="0" pending="0" />
  </ResultSummary>
  <TestDefinitions>
    <UnitTest name="ToStringPeriodTest" storage="c:\gitrepositories\weather\weather.tests\bin\debug\weather.tests.dll" id="a412fc75-e37e-3f37-3c9b-89ad962e4bd0">
      <Execution id="a2a5f954-afe1-4f56-a106-6f8e593255a6" />
      <TestMethod codeBase="C:/GitRepositories/Weather/Weather.Tests/bin/Debug/Weather.Tests.DLL" adapterTypeName="Microsoft.VisualStudio.TestTools.TestTypes.Unit.UnitTestAdapter, Microsoft.VisualStudio.QualityTools.Tips.UnitTest.Adapter, Version=10.0.0.0, Culture=neutral, PublicKeyToken=b03f5f7f11d50a3a" className="Weather.Tests.Model.Common.ExtensionMethodsTest, Weather.Tests, Version=1.0.0.0, Culture=neutral, PublicKeyToken=null" name="ToStringPeriodTest" />
    </UnitTest>
  </TestDefinitions>
  <TestLists>
    <TestList name="Results Not in a List" id="8c84fa94-04c1-424b-9868-57a2d4851a1d" />
    <TestList name="All Loaded Results" id="19431567-8539-422a-85d7-44ee4e166bda" />
  </TestLists>
  <TestEntries>
    <TestEntry testId="a412fc75-e37e-3f37-3c9b-89ad962e4bd0" executionId="a2a5f954-afe1-4f56-a106-6f8e593255a6" testListId="8c84fa94-04c1-424b-9868-57a2d4851a1d" />
  </TestEntries>
  <Results>
    <UnitTestResult executionId="a2a5f954-afe1-4f56-a106-6f8e593255a6" testId="a412fc75-e37e-3f37-3c9b-89ad962e4bd0" testName="ToStringPeriodTest" computerName="ANTIVAHPPC1" duration="00:00:00.0146256" startTime="2012-04-17T00:43:50.4497805+02:00" endTime="2012-04-17T00:43:50.7277964+02:00" testType="13cdc9d9-ddb5-4fa4-a97d-d965ccfc6d4b" outcome="Passed" testListId="8c84fa94-04c1-424b-9868-57a2d4851a1d" relativeResultsDirectory="a2a5f954-afe1-4f56-a106-6f8e593255a6">
    </UnitTestResult>
  </Results>
</TestRun>