<?xml version="1.0" encoding="UTF-8"?>
<TestRun id="ed18e56f-c121-4153-9cf1-0e3db8914d49" name="HP-Bruker-1@ANTIVAHPPC1 2012-04-21 13:21:41" runUser="AntivaHPPC1\HP-Bruker-1" xmlns="http://microsoft.com/schemas/VisualStudio/TeamTest/2010">
  <TestSettings name="Local" id="63e443fe-ca2a-4446-97f8-47736039bcb1">
    <Description>These are default test settings for a local test run.</Description>
    <Deployment enabled="false" runDeploymentRoot="HP-Bruker-1_ANTIVAHPPC1 2012-04-21 13_21_41">
      <DeploymentItem filename="C:\GitRepositories\Weather\SharedBinaries\Libs\Spring\Spring 1.3.2\Spring.Core.dll" />
      <DeploymentItem filename="C:\GitRepositories\Weather\Weather.Application\bin\Debug\Weather.Application.dll" />
      <DeploymentItem filename="C:\GitRepositories\Weather\SharedBinaries\Libs\Spring\Spring 1.3.2\Spring.Data.dll" />
      <DeploymentItem filename="C:\GitRepositories\Weather\Weather.Infrastructure\bin\Debug\Weather.Infrastructure.dll" />
      <DeploymentItem filename="C:\GitRepositories\Weather\Weather.Model\bin\Debug\Weather.Model.dll" />
    </Deployment>
    <Execution>
      <TestTypeSpecific />
      <AgentRule name="Execution Agents">
      </AgentRule>
    </Execution>
  </TestSettings>
  <Times creation="2012-04-21T13:21:41.8721708+02:00" queuing="2012-04-21T13:21:43.3372546+02:00" start="2012-04-21T13:21:43.4962637+02:00" finish="2012-04-21T13:26:59.2413233+02:00" />
  <ResultSummary outcome="Completed">
    <Counters total="1" executed="1" passed="1" error="0" failed="0" timeout="0" aborted="0" inconclusive="0" passedButRunAborted="0" notRunnable="0" notExecuted="0" disconnected="0" warning="0" completed="0" inProgress="0" pending="0" />
  </ResultSummary>
  <TestDefinitions>
    <UnitTest name="CalculateDistanceTest" storage="c:\gitrepositories\weather\weather.tests\bin\debug\weather.tests.dll" id="5ba59caf-6637-89d5-85a2-4b831b6d5b70">
      <Execution id="9087b47f-82ae-4271-8a63-b485af637624" />
      <TestMethod codeBase="C:/GitRepositories/Weather/Weather.Tests/bin/Debug/Weather.Tests.DLL" adapterTypeName="Microsoft.VisualStudio.TestTools.TestTypes.Unit.UnitTestAdapter, Microsoft.VisualStudio.QualityTools.Tips.UnitTest.Adapter, Version=10.0.0.0, Culture=neutral, PublicKeyToken=b03f5f7f11d50a3a" className="Weather.Tests.Model.Common.HelpersTest, Weather.Tests, Version=1.0.0.0, Culture=neutral, PublicKeyToken=null" name="CalculateDistanceTest" />
    </UnitTest>
  </TestDefinitions>
  <TestLists>
    <TestList name="Results Not in a List" id="8c84fa94-04c1-424b-9868-57a2d4851a1d" />
    <TestList name="All Loaded Results" id="19431567-8539-422a-85d7-44ee4e166bda" />
  </TestLists>
  <TestEntries>
    <TestEntry testId="5ba59caf-6637-89d5-85a2-4b831b6d5b70" executionId="9087b47f-82ae-4271-8a63-b485af637624" testListId="8c84fa94-04c1-424b-9868-57a2d4851a1d" />
  </TestEntries>
  <Results>
    <UnitTestResult executionId="9087b47f-82ae-4271-8a63-b485af637624" testId="5ba59caf-6637-89d5-85a2-4b831b6d5b70" testName="CalculateDistanceTest" computerName="ANTIVAHPPC1" duration="00:05:14.0238488" startTime="2012-04-21T13:21:43.6432721+02:00" endTime="2012-04-21T13:26:59.1223165+02:00" testType="13cdc9d9-ddb5-4fa4-a97d-d965ccfc6d4b" outcome="Passed" testListId="8c84fa94-04c1-424b-9868-57a2d4851a1d" relativeResultsDirectory="9087b47f-82ae-4271-8a63-b485af637624">
    </UnitTestResult>
  </Results>
</TestRun>