<?xml version="1.0" encoding="UTF-8"?>
<TestRun id="812f32df-e1be-46be-8d7b-89bce82846dd" name="HP-Bruker-1@ANTIVAHPPC1 2012-04-15 04:45:59" runUser="AntivaHPPC1\HP-Bruker-1" xmlns="http://microsoft.com/schemas/VisualStudio/TeamTest/2010">
  <TestSettings name="Local" id="63e443fe-ca2a-4446-97f8-47736039bcb1">
    <Description>These are default test settings for a local test run.</Description>
    <Deployment enabled="false" runDeploymentRoot="HP-Bruker-1_ANTIVAHPPC1 2012-04-15 04_45_59">
      <DeploymentItem filename="C:\Projects\Weather\SharedBinaries\Libs\Spring\Spring 1.3.2\Spring.Data.dll" />
      <DeploymentItem filename="C:\Projects\Weather\Weather.Application\bin\Debug\Weather.Application.dll" />
      <DeploymentItem filename="C:\Projects\Weather\Weather.Model\bin\Debug\Weather.Model.dll" />
      <DeploymentItem filename="C:\Projects\Weather\SharedBinaries\Libs\Spring\Spring 1.3.2\Spring.Core.dll" />
      <DeploymentItem filename="C:\Projects\Weather\Weather.Infrastructure\bin\Debug\Weather.Infrastructure.dll" />
    </Deployment>
    <Execution>
      <TestTypeSpecific />
      <AgentRule name="Execution Agents">
      </AgentRule>
    </Execution>
  </TestSettings>
  <Times creation="2012-04-15T04:45:59.8314227+02:00" queuing="2012-04-15T04:46:01.6335258+02:00" start="2012-04-15T04:46:01.7775340+02:00" finish="2012-04-15T04:47:56.8651166+02:00" />
  <ResultSummary outcome="Failed">
    <Counters total="1" executed="1" error="0" failed="1" timeout="0" aborted="0" inconclusive="0" passedButRunAborted="0" notRunnable="0" notExecuted="0" disconnected="0" warning="0" passed="0" completed="0" inProgress="0" pending="0" />
  </ResultSummary>
  <TestDefinitions>
    <UnitTest name="ForecastDataTest" storage="c:\projects\weather\weather.tests\bin\debug\weather.tests.dll" id="bbb77ad7-d984-0460-ed5a-4aa30565831c">
      <Execution id="224a4f5a-4daf-4913-813e-99a0bd211345" />
      <TestMethod codeBase="C:/Projects/Weather/Weather.Tests/bin/Debug/Weather.Tests.DLL" adapterTypeName="Microsoft.VisualStudio.TestTools.TestTypes.Unit.UnitTestAdapter, Microsoft.VisualStudio.QualityTools.Tips.UnitTest.Adapter, Version=10.0.0.0, Culture=neutral, PublicKeyToken=b03f5f7f11d50a3a" className="Weather.Tests.Infrastructure.Services.Weather.OnlineWeatherSystemTest, Weather.Tests, Version=1.0.0.0, Culture=neutral, PublicKeyToken=null" name="ForecastDataTest" />
    </UnitTest>
  </TestDefinitions>
  <TestLists>
    <TestList name="Results Not in a List" id="8c84fa94-04c1-424b-9868-57a2d4851a1d" />
    <TestList name="All Loaded Results" id="19431567-8539-422a-85d7-44ee4e166bda" />
  </TestLists>
  <TestEntries>
    <TestEntry testId="bbb77ad7-d984-0460-ed5a-4aa30565831c" executionId="224a4f5a-4daf-4913-813e-99a0bd211345" testListId="8c84fa94-04c1-424b-9868-57a2d4851a1d" />
  </TestEntries>
  <Results>
    <UnitTestResult executionId="224a4f5a-4daf-4913-813e-99a0bd211345" testId="bbb77ad7-d984-0460-ed5a-4aa30565831c" testName="ForecastDataTest" computerName="ANTIVAHPPC1" duration="00:01:52.9132392" startTime="2012-04-15T04:46:02.1575557+02:00" endTime="2012-04-15T04:47:56.7311090+02:00" testType="13cdc9d9-ddb5-4fa4-a97d-d965ccfc6d4b" outcome="Failed" testListId="8c84fa94-04c1-424b-9868-57a2d4851a1d" relativeResultsDirectory="224a4f5a-4daf-4913-813e-99a0bd211345">
      <Output>
        <ErrorInfo>
          <Message>Assert.IsNotNull failed. </Message>
          <StackTrace>   at Weather.Tests.Infrastructure.Services.Weather.OnlineWeatherSystemTest.ForecastDataTest() in C:\Projects\Weather\Weather.Tests\Infrastructure\Services\Weather\OnlineWeatherSystemTest.cs:line 53
</StackTrace>
        </ErrorInfo>
      </Output>
    </UnitTestResult>
  </Results>
</TestRun>