<?xml version="1.0" encoding="UTF-8"?>
<TestRun id="205e1169-ccfe-487a-8416-52a501800a15" name="HP-Bruker-1@ANTIVAHPPC1 2012-04-21 14:08:54" runUser="AntivaHPPC1\HP-Bruker-1" xmlns="http://microsoft.com/schemas/VisualStudio/TeamTest/2010">
  <TestSettings name="Local" id="63e443fe-ca2a-4446-97f8-47736039bcb1">
    <Description>These are default test settings for a local test run.</Description>
    <Deployment enabled="false" runDeploymentRoot="HP-Bruker-1_ANTIVAHPPC1 2012-04-21 14_08_54">
      <DeploymentItem filename="C:\GitRepositories\Weather\SharedBinaries\Libs\Spring\Spring 1.3.2\Spring.Core.dll" />
      <DeploymentItem filename="C:\GitRepositories\Weather\Weather.Application\bin\Debug\Weather.Application.dll" />
      <DeploymentItem filename="C:\GitRepositories\Weather\SharedBinaries\Libs\Spring\Spring 1.3.2\Spring.Data.dll" />
      <DeploymentItem filename="C:\GitRepositories\Weather\Weather.Infrastructure\bin\Debug\Weather.Infrastructure.dll" />
      <DeploymentItem filename="C:\GitRepositories\Weather\Weather.Model\bin\Debug\Weather.Model.dll" />
    </Deployment>
    <Execution>
      <TestTypeSpecific />
      <AgentRule name="Execution Agents">
      </AgentRule>
    </Execution>
  </TestSettings>
  <Times creation="2012-04-21T14:08:54.6561968+02:00" queuing="2012-04-21T14:08:56.5303040+02:00" start="2012-04-21T14:08:56.6973136+02:00" finish="2012-04-21T14:09:39.4357581+02:00" />
  <ResultSummary outcome="Completed">
    <Counters total="1" executed="1" passed="1" error="0" failed="0" timeout="0" aborted="0" inconclusive="0" passedButRunAborted="0" notRunnable="0" notExecuted="0" disconnected="0" warning="0" completed="0" inProgress="0" pending="0" />
  </ResultSummary>
  <TestDefinitions>
    <UnitTest name="GetClosestPlaceTest" storage="c:\gitrepositories\weather\weather.tests\bin\debug\weather.tests.dll" id="412eb953-d5ba-f517-828a-1f192bb1e73b">
      <Execution id="aeaf57b2-02b5-4180-a74c-9eac6174ecf4" />
      <TestMethod codeBase="C:/GitRepositories/Weather/Weather.Tests/bin/Debug/Weather.Tests.DLL" adapterTypeName="Microsoft.VisualStudio.TestTools.TestTypes.Unit.UnitTestAdapter, Microsoft.VisualStudio.QualityTools.Tips.UnitTest.Adapter, Version=10.0.0.0, Culture=neutral, PublicKeyToken=b03f5f7f11d50a3a" className="Weather.Tests.Application.Location.LocationAppTest, Weather.Tests, Version=1.0.0.0, Culture=neutral, PublicKeyToken=null" name="GetClosestPlaceTest" />
    </UnitTest>
  </TestDefinitions>
  <TestLists>
    <TestList name="Results Not in a List" id="8c84fa94-04c1-424b-9868-57a2d4851a1d" />
    <TestList name="All Loaded Results" id="19431567-8539-422a-85d7-44ee4e166bda" />
  </TestLists>
  <TestEntries>
    <TestEntry testId="412eb953-d5ba-f517-828a-1f192bb1e73b" executionId="aeaf57b2-02b5-4180-a74c-9eac6174ecf4" testListId="8c84fa94-04c1-424b-9868-57a2d4851a1d" />
  </TestEntries>
  <Results>
    <UnitTestResult executionId="aeaf57b2-02b5-4180-a74c-9eac6174ecf4" testId="412eb953-d5ba-f517-828a-1f192bb1e73b" testName="GetClosestPlaceTest" computerName="ANTIVAHPPC1" duration="00:00:39.3535864" startTime="2012-04-21T14:08:56.8493223+02:00" endTime="2012-04-21T14:09:37.8266660+02:00" testType="13cdc9d9-ddb5-4fa4-a97d-d965ccfc6d4b" outcome="Passed" testListId="8c84fa94-04c1-424b-9868-57a2d4851a1d" relativeResultsDirectory="aeaf57b2-02b5-4180-a74c-9eac6174ecf4">
      <Output>
        <DebugTrace>Unable to read configuration section common/logging.  Using no-op implemenation.
</DebugTrace>
      </Output>
    </UnitTestResult>
  </Results>
</TestRun>