<?xml version="1.0" encoding="UTF-8"?>
<TestRun id="2b133f73-db80-435b-831d-4242e9684943" name="HP-Bruker-1@ANTIVAHPPC1 2012-04-13 19:39:22" runUser="AntivaHPPC1\HP-Bruker-1" xmlns="http://microsoft.com/schemas/VisualStudio/TeamTest/2010">
  <TestSettings name="Local" id="63e443fe-ca2a-4446-97f8-47736039bcb1">
    <Description>These are default test settings for a local test run.</Description>
    <Deployment enabled="false" runDeploymentRoot="HP-Bruker-1_ANTIVAHPPC1 2012-04-13 19_39_22">
      <DeploymentItem filename="C:\Projects\Weather\SharedBinaries\Libs\Spring\Spring 1.3.2\Spring.Data.dll" />
      <DeploymentItem filename="C:\Projects\Weather\Weather.Model\bin\Debug\Weather.Model.dll" />
      <DeploymentItem filename="C:\Projects\Weather\SharedBinaries\Libs\Spring\Spring 1.3.2\Spring.Core.dll" />
      <DeploymentItem filename="C:\Projects\Weather\Weather.Infrastructure\bin\Debug\Weather.Infrastructure.dll" />
    </Deployment>
    <Execution>
      <TestTypeSpecific />
      <AgentRule name="Execution Agents">
      </AgentRule>
    </Execution>
  </TestSettings>
  <Times creation="2012-04-13T19:39:22.6281255+02:00" queuing="2012-04-13T19:39:24.1392119+02:00" start="2012-04-13T19:39:24.3102217+02:00" finish="2012-04-13T19:39:35.8418813+02:00" />
  <ResultSummary outcome="Error">
    <Counters total="1" executed="1" error="0" failed="0" timeout="0" aborted="1" inconclusive="0" passedButRunAborted="0" notRunnable="0" notExecuted="0" disconnected="0" warning="0" passed="0" completed="0" inProgress="0" pending="0" />
    <RunInfos>
      <RunInfo computerName="ANTIVAHPPC1" outcome="Error" timestamp="2012-04-13T19:39:35.8358809+02:00">
        <Text>Test host process exited unexpectedly.</Text>
      </RunInfo>
    </RunInfos>
  </ResultSummary>
  <TestDefinitions>
    <UnitTest name="GetAllChurchesInNorway" storage="c:\projects\weather\weather.tests\bin\debug\weather.tests.dll" id="537bb603-3242-6bf0-1b72-4092b725c941">
      <Execution id="56ee0662-9f00-4ec8-9924-ba4b4ee0020e" />
      <TestMethod codeBase="C:/Projects/Weather/Weather.Tests/bin/Debug/Weather.Tests.DLL" adapterTypeName="Microsoft.VisualStudio.TestTools.TestTypes.Unit.UnitTestAdapter, Microsoft.VisualStudio.QualityTools.Tips.UnitTest.Adapter, Version=10.0.0.0, Culture=neutral, PublicKeyToken=b03f5f7f11d50a3a" className="Weather.Tests.Infrastructure.Services.Location.OnlineLocationSystemTest, Weather.Tests, Version=1.0.0.0, Culture=neutral, PublicKeyToken=null" name="GetAllChurchesInNorway" />
    </UnitTest>
  </TestDefinitions>
  <TestLists>
    <TestList name="Results Not in a List" id="8c84fa94-04c1-424b-9868-57a2d4851a1d" />
    <TestList name="All Loaded Results" id="19431567-8539-422a-85d7-44ee4e166bda" />
  </TestLists>
  <TestEntries>
    <TestEntry testId="537bb603-3242-6bf0-1b72-4092b725c941" executionId="56ee0662-9f00-4ec8-9924-ba4b4ee0020e" testListId="8c84fa94-04c1-424b-9868-57a2d4851a1d" />
  </TestEntries>
  <Results>
    <UnitTestResult executionId="56ee0662-9f00-4ec8-9924-ba4b4ee0020e" testId="537bb603-3242-6bf0-1b72-4092b725c941" testName="GetAllChurchesInNorway" computerName="ANTIVAHPPC1" duration="00:00:11.3796509" startTime="2012-04-13T19:39:24.4622304+02:00" endTime="2012-04-13T19:39:35.8418813+02:00" testType="13cdc9d9-ddb5-4fa4-a97d-d965ccfc6d4b" outcome="Aborted" testListId="8c84fa94-04c1-424b-9868-57a2d4851a1d" relativeResultsDirectory="56ee0662-9f00-4ec8-9924-ba4b4ee0020e">
    </UnitTestResult>
  </Results>
</TestRun>