<?xml version="1.0" encoding="UTF-8"?>
<TestRun id="9f77f728-d10d-4b70-a16b-c58c423c188b" name="HP-Bruker-1@ANTIVAHPPC1 2012-04-13 19:48:15" runUser="AntivaHPPC1\HP-Bruker-1" xmlns="http://microsoft.com/schemas/VisualStudio/TeamTest/2010">
  <TestSettings name="Local" id="63e443fe-ca2a-4446-97f8-47736039bcb1">
    <Description>These are default test settings for a local test run.</Description>
    <Deployment enabled="false" runDeploymentRoot="HP-Bruker-1_ANTIVAHPPC1 2012-04-13 19_48_15">
      <DeploymentItem filename="C:\Projects\Weather\SharedBinaries\Libs\Spring\Spring 1.3.2\Spring.Data.dll" />
      <DeploymentItem filename="C:\Projects\Weather\Weather.Infrastructure\bin\Debug\Weather.Infrastructure.dll" />
      <DeploymentItem filename="C:\Projects\Weather\Weather.Model\bin\Debug\Weather.Model.dll" />
      <DeploymentItem filename="C:\Projects\Weather\SharedBinaries\Libs\Spring\Spring 1.3.2\Spring.Core.dll" />
      <DeploymentItem filename="C:\Projects\Weather\Weather.Application\bin\Debug\Weather.Application.dll" />
    </Deployment>
    <Execution>
      <TestTypeSpecific />
      <AgentRule name="Execution Agents">
      </AgentRule>
    </Execution>
  </TestSettings>
  <Times creation="2012-04-13T19:48:15.9506298+02:00" queuing="2012-04-13T19:48:18.3657679+02:00" start="2012-04-13T19:48:18.5377778+02:00" finish="2012-04-13T19:49:06.6495296+02:00" />
  <ResultSummary outcome="Error">
    <Counters total="1" executed="1" error="0" failed="0" timeout="0" aborted="1" inconclusive="0" passedButRunAborted="0" notRunnable="0" notExecuted="0" disconnected="0" warning="0" passed="0" completed="0" inProgress="0" pending="0" />
    <RunInfos>
      <RunInfo computerName="ANTIVAHPPC1" outcome="Error" timestamp="2012-04-13T19:49:06.6445293+02:00">
        <Text>Test host process exited unexpectedly.</Text>
      </RunInfo>
    </RunInfos>
  </ResultSummary>
  <TestDefinitions>
    <UnitTest name="GetPlacesThatStartsWithTest" storage="c:\projects\weather\weather.tests\bin\debug\weather.tests.dll" id="1f3f7d63-575f-a72a-56cf-a9f8d9ba2407">
      <Execution id="114d1b62-211e-487d-8747-0f3443f9b53d" />
      <TestMethod codeBase="C:/Projects/Weather/Weather.Tests/bin/Debug/Weather.Tests.DLL" adapterTypeName="Microsoft.VisualStudio.TestTools.TestTypes.Unit.UnitTestAdapter, Microsoft.VisualStudio.QualityTools.Tips.UnitTest.Adapter, Version=10.0.0.0, Culture=neutral, PublicKeyToken=b03f5f7f11d50a3a" className="Weather.Tests.Application.Location.LocationAppTest, Weather.Tests, Version=1.0.0.0, Culture=neutral, PublicKeyToken=null" name="GetPlacesThatStartsWithTest" />
    </UnitTest>
  </TestDefinitions>
  <TestLists>
    <TestList name="Results Not in a List" id="8c84fa94-04c1-424b-9868-57a2d4851a1d" />
    <TestList name="All Loaded Results" id="19431567-8539-422a-85d7-44ee4e166bda" />
  </TestLists>
  <TestEntries>
    <TestEntry testId="1f3f7d63-575f-a72a-56cf-a9f8d9ba2407" executionId="114d1b62-211e-487d-8747-0f3443f9b53d" testListId="8c84fa94-04c1-424b-9868-57a2d4851a1d" />
  </TestEntries>
  <Results>
    <UnitTestResult executionId="114d1b62-211e-487d-8747-0f3443f9b53d" testId="1f3f7d63-575f-a72a-56cf-a9f8d9ba2407" testName="GetPlacesThatStartsWithTest" computerName="ANTIVAHPPC1" duration="00:00:47.9657435" startTime="2012-04-13T19:48:18.6837861+02:00" endTime="2012-04-13T19:49:06.6495296+02:00" testType="13cdc9d9-ddb5-4fa4-a97d-d965ccfc6d4b" outcome="Aborted" testListId="8c84fa94-04c1-424b-9868-57a2d4851a1d" relativeResultsDirectory="114d1b62-211e-487d-8747-0f3443f9b53d">
    </UnitTestResult>
  </Results>
</TestRun>