<?xml version="1.0" encoding="UTF-8"?>
<TestRun id="ed948bf5-09b6-4126-ae83-6bcc85036c7f" name="HP-Bruker-1@ANTIVAHPPC1 2012-04-15 16:16:39" runUser="AntivaHPPC1\HP-Bruker-1" xmlns="http://microsoft.com/schemas/VisualStudio/TeamTest/2010">
  <TestSettings name="Local" id="63e443fe-ca2a-4446-97f8-47736039bcb1">
    <Description>These are default test settings for a local test run.</Description>
    <Deployment enabled="false" runDeploymentRoot="HP-Bruker-1_ANTIVAHPPC1 2012-04-15 16_16_39">
      <DeploymentItem filename="C:\Projects\Weather\SharedBinaries\Libs\Spring\Spring 1.3.2\Spring.Data.dll" />
      <DeploymentItem filename="C:\Projects\Weather\Weather.Application\bin\Debug\Weather.Application.dll" />
      <DeploymentItem filename="C:\Projects\Weather\Weather.Model\bin\Debug\Weather.Model.dll" />
      <DeploymentItem filename="C:\Projects\Weather\SharedBinaries\Libs\Spring\Spring 1.3.2\Spring.Core.dll" />
      <DeploymentItem filename="C:\Projects\Weather\Weather.Infrastructure\bin\Debug\Weather.Infrastructure.dll" />
    </Deployment>
    <Execution>
      <TestTypeSpecific />
      <AgentRule name="Execution Agents">
      </AgentRule>
    </Execution>
  </TestSettings>
  <Times creation="2012-04-15T16:16:39.5279431+02:00" queuing="2012-04-15T16:16:41.4010503+02:00" start="2012-04-15T16:16:41.5570592+02:00" finish="2012-04-15T16:17:46.3207635+02:00" />
  <ResultSummary outcome="Completed">
    <Counters total="1" executed="1" passed="1" error="0" failed="0" timeout="0" aborted="0" inconclusive="0" passedButRunAborted="0" notRunnable="0" notExecuted="0" disconnected="0" warning="0" completed="0" inProgress="0" pending="0" />
  </ResultSummary>
  <TestDefinitions>
    <UnitTest name="ForecastDataTest" storage="c:\projects\weather\weather.tests\bin\debug\weather.tests.dll" id="bbb77ad7-d984-0460-ed5a-4aa30565831c">
      <Execution id="94de5372-d6b1-4abc-ada8-0e44d6981c6b" />
      <TestMethod codeBase="C:/Projects/Weather/Weather.Tests/bin/Debug/Weather.Tests.DLL" adapterTypeName="Microsoft.VisualStudio.TestTools.TestTypes.Unit.UnitTestAdapter, Microsoft.VisualStudio.QualityTools.Tips.UnitTest.Adapter, Version=10.0.0.0, Culture=neutral, PublicKeyToken=b03f5f7f11d50a3a" className="Weather.Tests.Infrastructure.Services.Weather.OnlineWeatherSystemTest, Weather.Tests, Version=1.0.0.0, Culture=neutral, PublicKeyToken=null" name="ForecastDataTest" />
    </UnitTest>
  </TestDefinitions>
  <TestLists>
    <TestList name="Results Not in a List" id="8c84fa94-04c1-424b-9868-57a2d4851a1d" />
    <TestList name="All Loaded Results" id="19431567-8539-422a-85d7-44ee4e166bda" />
  </TestLists>
  <TestEntries>
    <TestEntry testId="bbb77ad7-d984-0460-ed5a-4aa30565831c" executionId="94de5372-d6b1-4abc-ada8-0e44d6981c6b" testListId="8c84fa94-04c1-424b-9868-57a2d4851a1d" />
  </TestEntries>
  <Results>
    <UnitTestResult executionId="94de5372-d6b1-4abc-ada8-0e44d6981c6b" testId="bbb77ad7-d984-0460-ed5a-4aa30565831c" testName="ForecastDataTest" computerName="ANTIVAHPPC1" duration="00:01:02.9700715" startTime="2012-04-15T16:16:41.6980672+02:00" endTime="2012-04-15T16:17:46.1597542+02:00" testType="13cdc9d9-ddb5-4fa4-a97d-d965ccfc6d4b" outcome="Passed" testListId="8c84fa94-04c1-424b-9868-57a2d4851a1d" relativeResultsDirectory="94de5372-d6b1-4abc-ada8-0e44d6981c6b">
    </UnitTestResult>
  </Results>
</TestRun>