<?xml version="1.0" encoding="UTF-8"?>
<TestRun id="26989bb8-94ba-4bcb-a880-0b7f68a19fc6" name="HP-Bruker-1@ANTIVAHPPC1 2012-04-16 21:40:33" runUser="AntivaHPPC1\HP-Bruker-1" xmlns="http://microsoft.com/schemas/VisualStudio/TeamTest/2010">
  <TestSettings name="Local" id="63e443fe-ca2a-4446-97f8-47736039bcb1">
    <Description>These are default test settings for a local test run.</Description>
    <Deployment enabled="false" runDeploymentRoot="HP-Bruker-1_ANTIVAHPPC1 2012-04-16 21_40_33">
      <DeploymentItem filename="C:\GitRepositories\Weather\SharedBinaries\Libs\Spring\Spring 1.3.2\Spring.Core.dll" />
      <DeploymentItem filename="C:\GitRepositories\Weather\Weather.Application\bin\Debug\Weather.Application.dll" />
      <DeploymentItem filename="C:\GitRepositories\Weather\SharedBinaries\Libs\Spring\Spring 1.3.2\Spring.Data.dll" />
      <DeploymentItem filename="C:\GitRepositories\Weather\Weather.Infrastructure\bin\Debug\Weather.Infrastructure.dll" />
      <DeploymentItem filename="C:\GitRepositories\Weather\Weather.Model\bin\Debug\Weather.Model.dll" />
    </Deployment>
    <Execution>
      <TestTypeSpecific />
      <AgentRule name="Execution Agents">
      </AgentRule>
    </Execution>
  </TestSettings>
  <Times creation="2012-04-16T21:40:33.6077971+02:00" queuing="2012-04-16T21:40:33.6698007+02:00" start="2012-04-16T21:40:33.7098029+02:00" finish="2012-04-16T21:40:35.2968937+02:00" />
  <ResultSummary outcome="Completed">
    <Counters total="3" executed="3" passed="3" error="0" failed="0" timeout="0" aborted="0" inconclusive="0" passedButRunAborted="0" notRunnable="0" notExecuted="0" disconnected="0" warning="0" completed="0" inProgress="0" pending="0" />
  </ResultSummary>
  <TestDefinitions>
    <UnitTest name="ForecastDataTest" storage="c:\gitrepositories\weather\weather.tests\bin\debug\weather.tests.dll" id="bbb77ad7-d984-0460-ed5a-4aa30565831c">
      <Execution id="6ef1a1f5-b11f-4506-9dfd-804576b38497" />
      <TestMethod codeBase="C:/GitRepositories/Weather/Weather.Tests/bin/Debug/Weather.Tests.DLL" adapterTypeName="Microsoft.VisualStudio.TestTools.TestTypes.Unit.UnitTestAdapter, Microsoft.VisualStudio.QualityTools.Tips.UnitTest.Adapter, Version=10.0.0.0, Culture=neutral, PublicKeyToken=b03f5f7f11d50a3a" className="Weather.Tests.Infrastructure.Services.Weather.OnlineWeatherSystemTest, Weather.Tests, Version=1.0.0.0, Culture=neutral, PublicKeyToken=null" name="ForecastDataTest" />
    </UnitTest>
    <UnitTest name="SunriseTest" storage="c:\gitrepositories\weather\weather.tests\bin\debug\weather.tests.dll" id="32b7237b-7e1b-0c4b-29e6-7fa7baf44c90">
      <Execution id="ea5eec08-f9d1-4825-807b-31c6412b6f5b" />
      <TestMethod codeBase="C:/GitRepositories/Weather/Weather.Tests/bin/Debug/Weather.Tests.DLL" adapterTypeName="Microsoft.VisualStudio.TestTools.TestTypes.Unit.UnitTestAdapter, Microsoft.VisualStudio.QualityTools.Tips.UnitTest.Adapter, Version=10.0.0.0, Culture=neutral, PublicKeyToken=b03f5f7f11d50a3a" className="Weather.Tests.Infrastructure.Services.Weather.OnlineWeatherSystemTest, Weather.Tests, Version=1.0.0.0, Culture=neutral, PublicKeyToken=null" name="SunriseTest" />
    </UnitTest>
    <UnitTest name="LocationForecastTest" storage="c:\gitrepositories\weather\weather.tests\bin\debug\weather.tests.dll" id="92992327-5cf3-d9e7-1e39-728333111100">
      <Execution id="35f5d788-6842-4375-b99e-4fc2c2596e0d" />
      <TestMethod codeBase="C:/GitRepositories/Weather/Weather.Tests/bin/Debug/Weather.Tests.DLL" adapterTypeName="Microsoft.VisualStudio.TestTools.TestTypes.Unit.UnitTestAdapter, Microsoft.VisualStudio.QualityTools.Tips.UnitTest.Adapter, Version=10.0.0.0, Culture=neutral, PublicKeyToken=b03f5f7f11d50a3a" className="Weather.Tests.Infrastructure.Services.Weather.OnlineWeatherSystemTest, Weather.Tests, Version=1.0.0.0, Culture=neutral, PublicKeyToken=null" name="LocationForecastTest" />
    </UnitTest>
  </TestDefinitions>
  <TestLists>
    <TestList name="Results Not in a List" id="8c84fa94-04c1-424b-9868-57a2d4851a1d" />
    <TestList name="All Loaded Results" id="19431567-8539-422a-85d7-44ee4e166bda" />
  </TestLists>
  <TestEntries>
    <TestEntry testId="32b7237b-7e1b-0c4b-29e6-7fa7baf44c90" executionId="ea5eec08-f9d1-4825-807b-31c6412b6f5b" testListId="8c84fa94-04c1-424b-9868-57a2d4851a1d" />
    <TestEntry testId="92992327-5cf3-d9e7-1e39-728333111100" executionId="35f5d788-6842-4375-b99e-4fc2c2596e0d" testListId="8c84fa94-04c1-424b-9868-57a2d4851a1d" />
    <TestEntry testId="bbb77ad7-d984-0460-ed5a-4aa30565831c" executionId="6ef1a1f5-b11f-4506-9dfd-804576b38497" testListId="8c84fa94-04c1-424b-9868-57a2d4851a1d" />
  </TestEntries>
  <Results>
    <UnitTestResult executionId="ea5eec08-f9d1-4825-807b-31c6412b6f5b" testId="32b7237b-7e1b-0c4b-29e6-7fa7baf44c90" testName="SunriseTest" computerName="ANTIVAHPPC1" duration="00:00:00.1227096" startTime="2012-04-16T21:40:33.7198035+02:00" endTime="2012-04-16T21:40:34.1308270+02:00" testType="13cdc9d9-ddb5-4fa4-a97d-d965ccfc6d4b" outcome="Passed" testListId="8c84fa94-04c1-424b-9868-57a2d4851a1d" relativeResultsDirectory="ea5eec08-f9d1-4825-807b-31c6412b6f5b">
    </UnitTestResult>
    <UnitTestResult executionId="35f5d788-6842-4375-b99e-4fc2c2596e0d" testId="92992327-5cf3-d9e7-1e39-728333111100" testName="LocationForecastTest" computerName="ANTIVAHPPC1" duration="00:00:00.2339242" startTime="2012-04-16T21:40:34.1358273+02:00" endTime="2012-04-16T21:40:34.3768411+02:00" testType="13cdc9d9-ddb5-4fa4-a97d-d965ccfc6d4b" outcome="Passed" testListId="8c84fa94-04c1-424b-9868-57a2d4851a1d" relativeResultsDirectory="35f5d788-6842-4375-b99e-4fc2c2596e0d">
    </UnitTestResult>
    <UnitTestResult executionId="6ef1a1f5-b11f-4506-9dfd-804576b38497" testId="bbb77ad7-d984-0460-ed5a-4aa30565831c" testName="ForecastDataTest" computerName="ANTIVAHPPC1" duration="00:00:00.8491065" startTime="2012-04-16T21:40:34.3828414+02:00" endTime="2012-04-16T21:40:35.2358902+02:00" testType="13cdc9d9-ddb5-4fa4-a97d-d965ccfc6d4b" outcome="Passed" testListId="8c84fa94-04c1-424b-9868-57a2d4851a1d" relativeResultsDirectory="6ef1a1f5-b11f-4506-9dfd-804576b38497">
    </UnitTestResult>
  </Results>
</TestRun>