<?xml version="1.0" encoding="UTF-8"?>
<TestRun id="bdb2ed34-528c-4374-882a-08d65fa54324" name="HP-Bruker-1@ANTIVAHPPC1 2012-04-15 16:10:40" runUser="AntivaHPPC1\HP-Bruker-1" xmlns="http://microsoft.com/schemas/VisualStudio/TeamTest/2010">
  <TestSettings name="Local" id="63e443fe-ca2a-4446-97f8-47736039bcb1">
    <Description>These are default test settings for a local test run.</Description>
    <Deployment enabled="false" runDeploymentRoot="HP-Bruker-1_ANTIVAHPPC1 2012-04-15 16_10_40">
      <DeploymentItem filename="C:\Projects\Weather\SharedBinaries\Libs\Spring\Spring 1.3.2\Spring.Data.dll" />
      <DeploymentItem filename="C:\Projects\Weather\Weather.Application\bin\Debug\Weather.Application.dll" />
      <DeploymentItem filename="C:\Projects\Weather\Weather.Model\bin\Debug\Weather.Model.dll" />
      <DeploymentItem filename="C:\Projects\Weather\SharedBinaries\Libs\Spring\Spring 1.3.2\Spring.Core.dll" />
      <DeploymentItem filename="C:\Projects\Weather\Weather.Infrastructure\bin\Debug\Weather.Infrastructure.dll" />
    </Deployment>
    <Execution>
      <TestTypeSpecific />
      <AgentRule name="Execution Agents">
      </AgentRule>
    </Execution>
  </TestSettings>
  <Times creation="2012-04-15T16:10:40.9934361+02:00" queuing="2012-04-15T16:10:43.0595543+02:00" start="2012-04-15T16:10:43.2255638+02:00" finish="2012-04-15T16:12:26.1284495+02:00" />
  <ResultSummary outcome="Completed">
    <Counters total="1" executed="1" passed="1" error="0" failed="0" timeout="0" aborted="0" inconclusive="0" passedButRunAborted="0" notRunnable="0" notExecuted="0" disconnected="0" warning="0" completed="0" inProgress="0" pending="0" />
  </ResultSummary>
  <TestDefinitions>
    <UnitTest name="ParseTest" storage="c:\projects\weather\weather.tests\bin\debug\weather.tests.dll" id="b06edf92-008a-a1d8-b6fa-485f6ebab244">
      <Execution id="42ed4ff6-28b4-4e3c-82fe-1a8c90d10504" />
      <TestMethod codeBase="C:/Projects/Weather/Weather.Tests/bin/Debug/Weather.Tests.DLL" adapterTypeName="Microsoft.VisualStudio.TestTools.TestTypes.Unit.UnitTestAdapter, Microsoft.VisualStudio.QualityTools.Tips.UnitTest.Adapter, Version=10.0.0.0, Culture=neutral, PublicKeyToken=b03f5f7f11d50a3a" className="Weather.Tests.DateTimeTest, Weather.Tests, Version=1.0.0.0, Culture=neutral, PublicKeyToken=null" name="ParseTest" />
    </UnitTest>
  </TestDefinitions>
  <TestLists>
    <TestList name="Results Not in a List" id="8c84fa94-04c1-424b-9868-57a2d4851a1d" />
    <TestList name="All Loaded Results" id="19431567-8539-422a-85d7-44ee4e166bda" />
  </TestLists>
  <TestEntries>
    <TestEntry testId="b06edf92-008a-a1d8-b6fa-485f6ebab244" executionId="42ed4ff6-28b4-4e3c-82fe-1a8c90d10504" testListId="8c84fa94-04c1-424b-9868-57a2d4851a1d" />
  </TestEntries>
  <Results>
    <UnitTestResult executionId="42ed4ff6-28b4-4e3c-82fe-1a8c90d10504" testId="b06edf92-008a-a1d8-b6fa-485f6ebab244" testName="ParseTest" computerName="ANTIVAHPPC1" duration="00:01:41.1955373" startTime="2012-04-15T16:10:43.3705721+02:00" endTime="2012-04-15T16:12:26.0434446+02:00" testType="13cdc9d9-ddb5-4fa4-a97d-d965ccfc6d4b" outcome="Passed" testListId="8c84fa94-04c1-424b-9868-57a2d4851a1d" relativeResultsDirectory="42ed4ff6-28b4-4e3c-82fe-1a8c90d10504">
    </UnitTestResult>
  </Results>
</TestRun>