<?xml version="1.0" encoding="UTF-8"?>
<TestRun id="6504908b-ec68-4fc5-b042-7d160c898ffe" name="HP-Bruker-1@ANTIVAHPPC1 2012-04-13 19:36:03" runUser="AntivaHPPC1\HP-Bruker-1" xmlns="http://microsoft.com/schemas/VisualStudio/TeamTest/2010">
  <TestSettings name="Local" id="63e443fe-ca2a-4446-97f8-47736039bcb1">
    <Description>These are default test settings for a local test run.</Description>
    <Deployment enabled="false" runDeploymentRoot="HP-Bruker-1_ANTIVAHPPC1 2012-04-13 19_36_03">
      <DeploymentItem filename="C:\Projects\Weather\SharedBinaries\Libs\Spring\Spring 1.3.2\Spring.Data.dll" />
      <DeploymentItem filename="C:\Projects\Weather\Weather.Model\bin\Debug\Weather.Model.dll" />
      <DeploymentItem filename="C:\Projects\Weather\SharedBinaries\Libs\Spring\Spring 1.3.2\Spring.Core.dll" />
      <DeploymentItem filename="C:\Projects\Weather\Weather.Infrastructure\bin\Debug\Weather.Infrastructure.dll" />
    </Deployment>
    <Execution>
      <TestTypeSpecific />
      <AgentRule name="Execution Agents">
      </AgentRule>
    </Execution>
  </TestSettings>
  <Times creation="2012-04-13T19:36:03.5647397+02:00" queuing="2012-04-13T19:36:05.1468302+02:00" start="2012-04-13T19:36:05.3018391+02:00" finish="2012-04-13T19:36:38.2017208+02:00" />
  <ResultSummary outcome="Completed">
    <Counters total="1" executed="1" passed="1" error="0" failed="0" timeout="0" aborted="0" inconclusive="0" passedButRunAborted="0" notRunnable="0" notExecuted="0" disconnected="0" warning="0" completed="0" inProgress="0" pending="0" />
  </ResultSummary>
  <TestDefinitions>
    <UnitTest name="QueryAllPlacesTest" storage="c:\projects\weather\weather.tests\bin\debug\weather.tests.dll" id="0864fe4d-689f-5974-0e9d-6e9fcda025c4">
      <Execution id="a0d7ba33-58b9-4d49-9993-3365835b6623" />
      <TestMethod codeBase="C:/Projects/Weather/Weather.Tests/bin/Debug/Weather.Tests.DLL" adapterTypeName="Microsoft.VisualStudio.TestTools.TestTypes.Unit.UnitTestAdapter, Microsoft.VisualStudio.QualityTools.Tips.UnitTest.Adapter, Version=10.0.0.0, Culture=neutral, PublicKeyToken=b03f5f7f11d50a3a" className="Weather.Tests.Infrastructure.Dao.PlacesNorwayDaoTest, Weather.Tests, Version=1.0.0.0, Culture=neutral, PublicKeyToken=null" name="QueryAllPlacesTest" />
    </UnitTest>
  </TestDefinitions>
  <TestLists>
    <TestList name="Results Not in a List" id="8c84fa94-04c1-424b-9868-57a2d4851a1d" />
    <TestList name="All Loaded Results" id="19431567-8539-422a-85d7-44ee4e166bda" />
  </TestLists>
  <TestEntries>
    <TestEntry testId="0864fe4d-689f-5974-0e9d-6e9fcda025c4" executionId="a0d7ba33-58b9-4d49-9993-3365835b6623" testListId="8c84fa94-04c1-424b-9868-57a2d4851a1d" />
  </TestEntries>
  <Results>
    <UnitTestResult executionId="a0d7ba33-58b9-4d49-9993-3365835b6623" testId="0864fe4d-689f-5974-0e9d-6e9fcda025c4" testName="QueryAllPlacesTest" computerName="ANTIVAHPPC1" duration="00:00:31.1632827" startTime="2012-04-13T19:36:05.4718488+02:00" endTime="2012-04-13T19:36:38.1237164+02:00" testType="13cdc9d9-ddb5-4fa4-a97d-d965ccfc6d4b" outcome="Passed" testListId="8c84fa94-04c1-424b-9868-57a2d4851a1d" relativeResultsDirectory="a0d7ba33-58b9-4d49-9993-3365835b6623">
      <Output>
        <DebugTrace>Unable to read configuration section common/logging.  Using no-op implemenation.
</DebugTrace>
      </Output>
    </UnitTestResult>
  </Results>
</TestRun>