<?xml version="1.0" encoding="UTF-8"?>
<TestRun id="a0e89b37-e1a1-4f24-b0d8-2cd09e44c291" name="HP-Bruker-1@ANTIVAHPPC1 2012-04-16 21:40:00" runUser="AntivaHPPC1\HP-Bruker-1" xmlns="http://microsoft.com/schemas/VisualStudio/TeamTest/2010">
  <TestSettings name="Local" id="63e443fe-ca2a-4446-97f8-47736039bcb1">
    <Description>These are default test settings for a local test run.</Description>
    <Deployment enabled="false" runDeploymentRoot="HP-Bruker-1_ANTIVAHPPC1 2012-04-16 21_40_00">
      <DeploymentItem filename="C:\GitRepositories\Weather\SharedBinaries\Libs\Spring\Spring 1.3.2\Spring.Core.dll" />
      <DeploymentItem filename="C:\GitRepositories\Weather\Weather.Application\bin\Debug\Weather.Application.dll" />
      <DeploymentItem filename="C:\GitRepositories\Weather\SharedBinaries\Libs\Spring\Spring 1.3.2\Spring.Data.dll" />
      <DeploymentItem filename="C:\GitRepositories\Weather\Weather.Infrastructure\bin\Debug\Weather.Infrastructure.dll" />
      <DeploymentItem filename="C:\GitRepositories\Weather\Weather.Model\bin\Debug\Weather.Model.dll" />
    </Deployment>
    <Execution>
      <TestTypeSpecific />
      <AgentRule name="Execution Agents">
      </AgentRule>
    </Execution>
  </TestSettings>
  <Times creation="2012-04-16T21:40:00.2898914+02:00" queuing="2012-04-16T21:40:01.1039380+02:00" start="2012-04-16T21:40:01.2059438+02:00" finish="2012-04-16T21:40:01.6629700+02:00" />
  <ResultSummary outcome="Completed">
    <Counters total="2" executed="2" passed="2" error="0" failed="0" timeout="0" aborted="0" inconclusive="0" passedButRunAborted="0" notRunnable="0" notExecuted="0" disconnected="0" warning="0" completed="0" inProgress="0" pending="0" />
  </ResultSummary>
  <TestDefinitions>
    <UnitTest name="DateTimeParseTest" storage="c:\gitrepositories\weather\weather.tests\bin\debug\weather.tests.dll" id="9ac2e02c-8615-bb57-179e-40b1b18a2d39">
      <Execution id="02a576ee-e8a2-402d-8825-b629dabfe4f2" />
      <TestMethod codeBase="C:/GitRepositories/Weather/Weather.Tests/bin/Debug/Weather.Tests.DLL" adapterTypeName="Microsoft.VisualStudio.TestTools.TestTypes.Unit.UnitTestAdapter, Microsoft.VisualStudio.QualityTools.Tips.UnitTest.Adapter, Version=10.0.0.0, Culture=neutral, PublicKeyToken=b03f5f7f11d50a3a" className="Weather.Tests.FrameworkTest, Weather.Tests, Version=1.0.0.0, Culture=neutral, PublicKeyToken=null" name="DateTimeParseTest" />
    </UnitTest>
    <UnitTest name="ImageUrlTest" storage="c:\gitrepositories\weather\weather.tests\bin\debug\weather.tests.dll" id="bf06b9b2-778f-177a-8646-702b1e802305">
      <Execution id="fc3edf71-cc7d-408a-9c33-7d651a4a2315" />
      <TestMethod codeBase="C:/GitRepositories/Weather/Weather.Tests/bin/Debug/Weather.Tests.DLL" adapterTypeName="Microsoft.VisualStudio.TestTools.TestTypes.Unit.UnitTestAdapter, Microsoft.VisualStudio.QualityTools.Tips.UnitTest.Adapter, Version=10.0.0.0, Culture=neutral, PublicKeyToken=b03f5f7f11d50a3a" className="Weather.Tests.FrameworkTest, Weather.Tests, Version=1.0.0.0, Culture=neutral, PublicKeyToken=null" name="ImageUrlTest" />
    </UnitTest>
  </TestDefinitions>
  <TestLists>
    <TestList name="Results Not in a List" id="8c84fa94-04c1-424b-9868-57a2d4851a1d" />
    <TestList name="All Loaded Results" id="19431567-8539-422a-85d7-44ee4e166bda" />
  </TestLists>
  <TestEntries>
    <TestEntry testId="9ac2e02c-8615-bb57-179e-40b1b18a2d39" executionId="02a576ee-e8a2-402d-8825-b629dabfe4f2" testListId="8c84fa94-04c1-424b-9868-57a2d4851a1d" />
    <TestEntry testId="bf06b9b2-778f-177a-8646-702b1e802305" executionId="fc3edf71-cc7d-408a-9c33-7d651a4a2315" testListId="8c84fa94-04c1-424b-9868-57a2d4851a1d" />
  </TestEntries>
  <Results>
    <UnitTestResult executionId="02a576ee-e8a2-402d-8825-b629dabfe4f2" testId="9ac2e02c-8615-bb57-179e-40b1b18a2d39" testName="DateTimeParseTest" computerName="ANTIVAHPPC1" duration="00:00:00.0331463" startTime="2012-04-16T21:40:01.2269450+02:00" endTime="2012-04-16T21:40:01.6229677+02:00" testType="13cdc9d9-ddb5-4fa4-a97d-d965ccfc6d4b" outcome="Passed" testListId="8c84fa94-04c1-424b-9868-57a2d4851a1d" relativeResultsDirectory="02a576ee-e8a2-402d-8825-b629dabfe4f2">
    </UnitTestResult>
    <UnitTestResult executionId="fc3edf71-cc7d-408a-9c33-7d651a4a2315" testId="bf06b9b2-778f-177a-8646-702b1e802305" testName="ImageUrlTest" computerName="ANTIVAHPPC1" duration="00:00:00.0003178" startTime="2012-04-16T21:40:01.6279680+02:00" endTime="2012-04-16T21:40:01.6329683+02:00" testType="13cdc9d9-ddb5-4fa4-a97d-d965ccfc6d4b" outcome="Passed" testListId="8c84fa94-04c1-424b-9868-57a2d4851a1d" relativeResultsDirectory="fc3edf71-cc7d-408a-9c33-7d651a4a2315">
    </UnitTestResult>
  </Results>
</TestRun>